\BOOKMARK [0][-]{chapter.1}{\376\377\000R\000e\000w\000o\000l\000u\000c\000j\000a\000\040\000A\000I\000\040\000w\000\040\001\133\000w\000i\000e\000c\000i\000e\000\040\000c\000o\000p\000y\000w\000r\000i\000t\000i\000n\000g\000u}{}% 1
\BOOKMARK [1][-]{section.1.1}{\376\377\000C\000z\000y\000m\000\040\000j\000e\000s\000t\000\040\000A\000I\000\040\000w\000\040\000c\000o\000p\000y\000w\000r\000i\000t\000i\000n\000g\000u\000?}{chapter.1}% 2
\BOOKMARK [2][-]{subsection.1.1.1}{\376\377\000E\000w\000o\000l\000u\000c\000j\000a\000\040\000t\000e\000c\000h\000n\000o\000l\000o\000g\000i\000i\000\040\000A\000I\000\040\000w\000\040\000c\000o\000n\000t\000e\000n\000t\000\040\000m\000a\000r\000k\000e\000t\000i\000n\000g\000u}{section.1.1}% 3
\BOOKMARK [2][-]{subsection.1.1.2}{\376\377\000P\000o\000d\000s\000t\000a\000w\000o\000w\000e\000\040\000p\000o\000j\001\031\000c\000i\000a\000\040\000i\000\040\000m\000e\000c\000h\000a\000n\000i\000z\000m\000y\000\040\000d\000z\000i\000a\001\102\000a\000n\000i\000a}{section.1.1}% 4
\BOOKMARK [2][-]{subsection.1.1.3}{\376\377\000R\000\363\001\174\000n\000i\000c\000e\000\040\000m\000i\001\031\000d\000z\000y\000\040\000t\000r\000a\000d\000y\000c\000y\000j\000n\000y\000m\000\040\000a\000\040\000w\000s\000p\000i\000e\000r\000a\000n\000y\000m\000\040\000A\000I\000\040\000c\000o\000p\000y\000w\000r\000i\000t\000i\000n\000g\000i\000e\000m}{section.1.1}% 5
\BOOKMARK [1][-]{section.1.2}{\376\377\000P\000o\000p\000u\000l\000a\000r\000n\000e\000\040\000n\000a\000r\000z\001\031\000d\000z\000i\000a\000\040\000A\000I\000\040\000d\000l\000a\000\040\000c\000o\000p\000y\000w\000r\000i\000t\000e\000r\000\363\000w}{chapter.1}% 6
\BOOKMARK [2][-]{subsection.1.2.1}{\376\377\000C\000h\000a\000t\000G\000P\000T\000\040\040\024\000\040\000u\000n\000i\000w\000e\000r\000s\000a\000l\000n\000y\000\040\000a\000s\000y\000s\000t\000e\000n\000t\000\040\000c\000o\000p\000y\000w\000r\000i\000t\000e\000r\000a}{section.1.2}% 7
\BOOKMARK [2][-]{subsection.1.2.2}{\376\377\000J\000a\000s\000p\000e\000r\000\040\040\024\000\040\000s\000p\000e\000c\000j\000a\000l\000i\000s\000t\000a\000\040\000o\000d\000\040\000c\000o\000n\000t\000e\000n\000t\000\040\000m\000a\000r\000k\000e\000t\000i\000n\000g\000u}{section.1.2}% 8
\BOOKMARK [2][-]{subsection.1.2.3}{\376\377\000C\000o\000p\000y\000.\000a\000i\000\040\040\024\000\040\000s\000z\000y\000b\000k\000o\001\133\001\007\000\040\000i\000\040\000p\000r\000o\000s\000t\000o\000t\000a}{section.1.2}% 9
\BOOKMARK [2][-]{subsection.1.2.4}{\376\377\000I\000n\000n\000e\000\040\000g\000o\000d\000n\000e\000\040\000u\000w\000a\000g\000i\000\040\000n\000a\000r\000z\001\031\000d\000z\000i\000a}{section.1.2}% 10
\BOOKMARK [1][-]{section.1.3}{\376\377\000M\000i\000t\000y\000\040\000i\000\040\000r\000z\000e\000c\000z\000y\000w\000i\000s\000t\000o\001\133\001\007\000\040\000A\000I\000\040\000w\000\040\000c\000o\000p\000y\000w\000r\000i\000t\000i\000n\000g\000u}{chapter.1}% 11
\BOOKMARK [2][-]{subsection.1.3.1}{\376\377\000M\000i\000t\000\040\0001\000:\000\040\000A\000I\000\040\000z\000a\000s\000t\001\005\000p\000i\000\040\000c\000o\000p\000y\000w\000r\000i\000t\000e\000r\000\363\000w}{section.1.3}% 12
\BOOKMARK [2][-]{subsection.1.3.2}{\376\377\000M\000i\000t\000\040\0002\000:\000\040\000T\000r\000e\001\133\000c\000i\000\040\000g\000e\000n\000e\000r\000o\000w\000a\000n\000e\000\040\000p\000r\000z\000e\000z\000\040\000A\000I\000\040\000s\001\005\000\040\000n\000i\000s\000k\000i\000e\000j\000\040\000j\000a\000k\000o\001\133\000c\000i}{section.1.3}% 13
\BOOKMARK [2][-]{subsection.1.3.3}{\376\377\000M\000i\000t\000\040\0003\000:\000\040\000U\001\174\000y\000w\000a\000n\000i\000e\000\040\000A\000I\000\040\000t\000o\000\040\000o\000s\000z\000u\000k\000i\000w\000a\000n\000i\000e\000\040\000l\000u\000b\000\040\000b\000r\000a\000k\000\040\000k\000r\000e\000a\000t\000y\000w\000n\000o\001\133\000c\000i}{section.1.3}% 14
\BOOKMARK [0][-]{chapter.2}{\376\377\000P\000r\000a\000k\000t\000y\000c\000z\000n\000e\000\040\000z\000a\000s\000t\000o\000s\000o\000w\000a\000n\000i\000a\000\040\000A\000I\000\040\000w\000\040\000t\000w\000o\000r\000z\000e\000n\000i\000u\000\040\000t\000r\000e\001\133\000c\000i}{}% 15
\BOOKMARK [1][-]{section.2.1}{\376\377\000G\000e\000n\000e\000r\000o\000w\000a\000n\000i\000e\000\040\000p\000o\000m\000y\000s\001\102\000\363\000w\000\040\000i\000\040\000b\000r\000a\000i\000n\000s\000t\000o\000r\000m\000i\000n\000g\000\040\000z\000\040\000A\000I}{chapter.2}% 16
\BOOKMARK [2][-]{subsection.2.1.1}{\376\377\000T\000w\000o\000r\000z\000e\000n\000i\000e\000\040\000k\000o\000n\000c\000e\000p\000c\000j\000i\000\040\000k\000a\000m\000p\000a\000n\000i\000i}{section.2.1}% 17
\BOOKMARK [2][-]{subsection.2.1.2}{\376\377\000G\000e\000n\000e\000r\000o\000w\000a\000n\000i\000e\000\040\000n\000a\000g\001\102\000\363\000w\000k\000\363\000w\000\040\000i\000\040\000t\000y\000t\000u\001\102\000\363\000w}{section.2.1}% 18
\BOOKMARK [2][-]{subsection.2.1.3}{\376\377\000B\000u\000r\000z\000a\000\040\000m\000\363\000z\000g\000\363\000w\000\040\000d\000l\000a\000\040\000C\000T\000A\000\040\000i\000\040\000o\000f\000e\000r\000t}{section.2.1}% 19
\BOOKMARK [1][-]{section.2.2}{\376\377\000T\000w\000o\000r\000z\000e\000n\000i\000e\000\040\000t\000e\000k\000s\000t\000\363\000w\000\040\000s\000p\000r\000z\000e\000d\000a\001\174\000o\000w\000y\000c\000h\000\040\000i\000\040\000r\000e\000k\000l\000a\000m\000o\000w\000y\000c\000h}{chapter.2}% 20
\BOOKMARK [2][-]{subsection.2.2.1}{\376\377\000L\000a\000n\000d\000i\000n\000g\000\040\000p\000a\000g\000e\000\040\040\024\000\040\000o\000d\000\040\000s\000t\000r\000u\000k\000t\000u\000r\000y\000\040\000d\000o\000\040\000d\000e\000t\000a\000l\000i}{section.2.2}% 21
\BOOKMARK [2][-]{subsection.2.2.2}{\376\377\000R\000e\000k\000l\000a\000m\000y\000\040\000G\000o\000o\000g\000l\000e\000\040\000A\000d\000s\000\040\000i\000\040\000F\000a\000c\000e\000b\000o\000o\000k\000\040\000A\000d\000s}{section.2.2}% 22
\BOOKMARK [2][-]{subsection.2.2.3}{\376\377\000E\000m\000a\000i\000l\000\040\000m\000a\000r\000k\000e\000t\000i\000n\000g\000\040\040\024\000\040\000s\000e\000k\000w\000e\000n\000c\000j\000e\000\040\000i\000\040\000n\000e\000w\000s\000l\000e\000t\000t\000e\000r\000y}{section.2.2}% 23
\BOOKMARK [1][-]{section.2.3}{\376\377\000O\000p\000t\000y\000m\000a\000l\000i\000z\000a\000c\000j\000a\000\040\000i\000\040\000p\000e\000r\000s\000o\000n\000a\000l\000i\000z\000a\000c\000j\000a\000\040\000t\000r\000e\001\133\000c\000i}{chapter.2}% 24
\BOOKMARK [2][-]{subsection.2.3.1}{\376\377\000D\000o\000s\000t\000o\000s\000o\000w\000a\000n\000i\000e\000\040\000t\000o\000n\000u\000\040\000i\000\040\000s\000t\000y\000l\000u\000\040\000d\000o\000\040\000r\000\363\001\174\000n\000y\000c\000h\000\040\000g\000r\000u\000p\000\040\000o\000d\000b\000i\000o\000r\000c\000\363\000w}{section.2.3}% 25
\BOOKMARK [2][-]{subsection.2.3.2}{\376\377\000A\000/\000B\000\040\000t\000e\000s\000t\000i\000n\000g\000\040\000n\000a\000\040\000s\000k\000a\000l\001\031}{section.2.3}% 26
\BOOKMARK [2][-]{subsection.2.3.3}{\376\377\000L\000o\000k\000a\000l\000i\000z\000a\000c\000j\000a\000\040\000i\000\040\000a\000d\000a\000p\000t\000a\000c\000j\000a\000\040\000k\000u\000l\000t\000u\000r\000o\000w\000a}{section.2.3}% 27
\BOOKMARK [2][-]{subsection.2.3.4}{\376\377\000P\000e\000r\000s\000o\000n\000a\000l\000i\000z\000a\000c\000j\000a\000\040\000d\000y\000n\000a\000m\000i\000c\000z\000n\000a}{section.2.3}% 28
\BOOKMARK [1][-]{section.2.4}{\376\377\000S\000E\000O\000\040\000i\000\040\000c\000o\000n\000t\000e\000n\000t\000\040\000m\000a\000r\000k\000e\000t\000i\000n\000g\000\040\000w\000s\000p\000i\000e\000r\000a\000n\000y\000\040\000p\000r\000z\000e\000z\000\040\000A\000I}{chapter.2}% 29
\BOOKMARK [2][-]{subsection.2.4.1}{\376\377\000B\000a\000d\000a\000n\000i\000e\000\040\000s\001\102\000\363\000w\000\040\000k\000l\000u\000c\000z\000o\000w\000y\000c\000h\000\040\000i\000\040\000a\000n\000a\000l\000i\000z\000a\000\040\000i\000n\000t\000e\000n\000c\000j\000i\000\040\000w\000y\000s\000z\000u\000k\000i\000w\000a\000n\000i\000a}{section.2.4}% 30
\BOOKMARK [2][-]{subsection.2.4.2}{\376\377\000T\000w\000o\000r\000z\000e\000n\000i\000e\000\040\000b\000r\000i\000e\000f\000\363\000w\000\040\000c\000o\000n\000t\000e\000n\000t\000o\000w\000y\000c\000h\000\040\000i\000\040\000s\000t\000r\000u\000k\000t\000u\000r\000\040\000a\000r\000t\000y\000k\000u\001\102\000\363\000w}{section.2.4}% 31
\BOOKMARK [2][-]{subsection.2.4.3}{\376\377\000O\000p\000t\000y\000m\000a\000l\000i\000z\000a\000c\000j\000a\000\040\000i\000s\000t\000n\000i\000e\000j\001\005\000c\000y\000c\000h\000\040\000t\000r\000e\001\133\000c\000i}{section.2.4}% 32
\BOOKMARK [2][-]{subsection.2.4.4}{\376\377\000T\000w\000o\000r\000z\000e\000n\000i\000e\000\040\000s\000t\000r\000a\000t\000e\000g\000i\000i\000\040\000c\000o\000n\000t\000e\000n\000t\000o\000w\000e\000j}{section.2.4}% 33
\BOOKMARK [2][-]{subsection.2.4.5}{\376\377\000A\000u\000t\000o\000m\000a\000t\000y\000z\000a\000c\000j\000a\000\040\000m\000e\000t\000a\000\040\000t\000a\000g\000\363\000w\000\040\000i\000\040\000o\000p\000i\000s\000\363\000w}{section.2.4}% 34
\BOOKMARK [2][-]{subsection.2.4.6}{\376\377\000C\000o\000n\000t\000e\000n\000t\000\040\000g\000a\000p\000\040\000a\000n\000a\000l\000y\000s\000i\000s}{section.2.4}% 35
\BOOKMARK [2][-]{subsection.2.4.7}{\376\377\000G\000e\000n\000e\000r\000o\000w\000a\000n\000i\000e\000\040\000c\000o\000n\000t\000e\000n\000t\000\040\000u\000p\000g\000r\000a\000d\000e\000s\000\040\000i\000\040\000l\000e\000a\000d\000\040\000m\000a\000g\000n\000e\000t\000s}{section.2.4}% 36
\BOOKMARK [2][-]{subsection.2.4.8}{\376\377\000M\000o\000n\000i\000t\000o\000r\000i\000n\000g\000\040\000i\000\040\000a\000n\000a\000l\000i\000z\000a\000\040\000p\000e\000r\000f\000o\000r\000m\000a\000n\000c\000e\000\040\000t\000r\000e\001\133\000c\000i}{section.2.4}% 37
\BOOKMARK [0][-]{chapter.3}{\376\377\000P\000r\000z\000y\000s\000z\001\102\000o\001\133\001\007\000\040\000c\000o\000p\000y\000w\000r\000i\000t\000i\000n\000g\000u\000\040\000w\000\040\000e\000r\000z\000e\000\040\000A\000I}{}% 38
\BOOKMARK [1][-]{section.3.1}{\376\377\000U\000m\000i\000e\000j\001\031\000t\000n\000o\001\133\000c\000i\000\040\000c\000o\000p\000y\000w\000r\000i\000t\000e\000r\000a\000\040\000j\000u\000t\000r\000a}{chapter.3}% 39
\BOOKMARK [2][-]{subsection.3.1.1}{\376\377\000M\000y\001\133\000l\000e\000n\000i\000e\000\040\000s\000t\000r\000a\000t\000e\000g\000i\000c\000z\000n\000e\000\040\000i\000\040\000b\000i\000z\000n\000e\000s\000o\000w\000e}{section.3.1}% 40
\BOOKMARK [2][-]{subsection.3.1.2}{\376\377\000E\000m\000p\000a\000t\000i\000a\000\040\000i\000\040\000r\000o\000z\000u\000m\000i\000e\000n\000i\000e\000\040\000p\000s\000y\000c\000h\000o\000l\000o\000g\000i\000i\000\040\000c\000z\001\102\000o\000w\000i\000e\000k\000a}{section.3.1}% 41
\BOOKMARK [2][-]{subsection.3.1.3}{\376\377\000K\000r\000e\000a\000t\000y\000w\000n\000o\001\133\001\007\000\040\000i\000\040\000u\000n\000i\000k\000a\000l\000n\000a\000\040\000p\000e\000r\000s\000p\000e\000k\000t\000y\000w\000a}{section.3.1}% 42
\BOOKMARK [1][-]{section.3.2}{\376\377\000E\000t\000y\000k\000a\000\040\000i\000\040\000o\000d\000p\000o\000w\000i\000e\000d\000z\000i\000a\000l\000n\000o\001\133\001\007\000\040\000w\000\040\000u\001\174\000y\000w\000a\000n\000i\000u\000\040\000A\000I}{chapter.3}% 43
\BOOKMARK [2][-]{subsection.3.2.1}{\376\377\000T\000r\000a\000n\000s\000p\000a\000r\000e\000n\000t\000n\000o\001\133\001\007\000\040\000w\000o\000b\000e\000c\000\040\000k\000l\000i\000e\000n\000t\000\363\000w\000\040\000i\000\040\000o\000d\000b\000i\000o\000r\000c\000\363\000w}{section.3.2}% 44
\BOOKMARK [2][-]{subsection.3.2.2}{\376\377\000A\000u\000t\000e\000n\000t\000y\000c\000z\000n\000o\001\133\001\007\000\040\000i\000\040\000o\000d\000p\000o\000w\000i\000e\000d\000z\000i\000a\000l\000n\000o\001\133\001\007\000\040\000z\000a\000\040\000t\000r\000e\001\133\000c\000i}{section.3.2}% 45
\BOOKMARK [2][-]{subsection.3.2.3}{\376\377\000P\000r\000a\000w\000a\000\040\000a\000u\000t\000o\000r\000s\000k\000i\000e\000\040\000i\000\040\000w\001\102\000a\000s\000n\000o\001\133\001\007\000\040\000i\000n\000t\000e\000l\000e\000k\000t\000u\000a\000l\000n\000a}{section.3.2}% 46
\BOOKMARK [1][-]{section.3.3}{\376\377\000S\000t\000r\000a\000t\000e\000g\000i\000a\000\040\000w\000s\000p\000\363\001\102\000p\000r\000a\000c\000y\000\040\000c\000z\001\102\000o\000w\000i\000e\000k\000-\000A\000I}{chapter.3}% 47
